[debug] [2022-05-19T02:10:13.864Z] ----------------------------------------------------------------------
[debug] [2022-05-19T02:10:13.866Z] Command:       C:\Program Files\nodejs\node.exe C:\Users\malik\AppData\Roaming\npm\node_modules\firebase-tools\lib\bin\firebase.js init
[debug] [2022-05-19T02:10:13.866Z] CLI Version:   11.0.0
[debug] [2022-05-19T02:10:13.866Z] Platform:      win32
[debug] [2022-05-19T02:10:13.866Z] Node Version:  v16.14.0
[debug] [2022-05-19T02:10:13.868Z] Time:          Wed May 18 2022 22:10:13 GMT-0400 (Eastern Daylight Time)
[debug] [2022-05-19T02:10:13.868Z] ----------------------------------------------------------------------
[debug] 
[debug] [2022-05-19T02:10:13.871Z] >>> [apiv2][query] GET https://firebase-public.firebaseio.com/cli.json [none]
[debug] [2022-05-19T02:10:13.897Z] > command requires scopes: ["email","openid","https://www.googleapis.com/auth/cloudplatformprojects.readonly","https://www.googleapis.com/auth/firebase","https://www.googleapis.com/auth/cloud-platform"]
[debug] [2022-05-19T02:10:13.897Z] > authorizing via signed-in user (letmalikdothat@gmail.com)
[info] 
     ######## #### ########  ######## ########     ###     ######  ########
     ##        ##  ##     ## ##       ##     ##  ##   ##  ##       ##
     ######    ##  ########  ######   ########  #########  ######  ######
     ##        ##  ##    ##  ##       ##     ## ##     ##       ## ##
     ##       #### ##     ## ######## ########  ##     ##  ######  ########

You're about to initialize a Firebase project in this directory:

  C:\Users\malik\Desktop\amazon_clone

[debug] [2022-05-19T02:10:14.051Z] <<< [apiv2][status] GET https://firebase-public.firebaseio.com/cli.json 200
[debug] [2022-05-19T02:10:14.051Z] <<< [apiv2][body] GET https://firebase-public.firebaseio.com/cli.json {"cloudBuildErrorAfter":1594252800000,"cloudBuildWarnAfter":1590019200000,"defaultNode10After":1594252800000,"minVersion":"3.0.5","node8DeploysDisabledAfter":1613390400000,"node8RuntimeDisabledAfter":1615809600000,"node8WarnAfter":1600128000000}
